<?xml version="1.0" encoding="UTF-8"?>
<!-- Generated by org.testng.reporters.JUnitXMLReporter -->
<testsuite ignored="0" hostname="DESKTOP-6KM9G37" failures="0" tests="6" name="newCase" time="17.179" errors="0" timestamp="2021-06-18T01:32:18 IST">
  <testcase classname="TestNG.testSetupTest" name="webPageSetup" time="14.911"/>
  <testcase classname="TestNG.testSetup" name="siteSetup" time="15.548"/>
  <testcase classname="TestNG.testSetup" name="tabelSelect" time="0.39"/>
  <testcase classname="TestNG.testSetup" name="progressValue" time="0.154"/>
  <testcase classname="TestNG.testSetupTest" name="imageClick" time="1.833"/>
  <testcase classname="TestNG.testSetup" name="leastCompletedTak" time="0.435"/>
</testsuite> <!-- newCase -->
